[1] 24004
[1]  + Done                          /etc/init.d/iptables restart >& /dev/null

PBS JOB id is 288730.arcs.csc.ncsu.edu
PBS_NODEFILE is /opt/torque/aux//288730.arcs.csc.ncsu.edu
PBS_QUEUE is default

compute-0-49.local

compute-0-49.local
compute-0-22.local
compute-0-52.local
compute-0-99.local
compute-0-100.local
compute-0-102.local
compute-0-25.local
compute-0-28.local
compute-0-55.local
compute-0-57.local
compute-0-103.local
compute-0-105.local
compute-0-106.local
compute-0-3.local
compute-0-4.local
compute-0-6.local
NPROCS: 16

compute-0-49.local
compute-0-22.local
compute-0-52.local
compute-0-99.local
compute-0-100.local
compute-0-102.local
compute-0-25.local
compute-0-28.local
compute-0-55.local
compute-0-57.local
compute-0-103.local
compute-0-105.local
compute-0-106.local
compute-0-3.local
compute-0-4.local
compute-0-6.local
/home/temp1020/myrtt
Catting nodefile
compute-0-49.local
compute-0-22.local
compute-0-52.local
compute-0-99.local
compute-0-100.local
compute-0-102.local
compute-0-25.local
compute-0-28.local
compute-0-55.local
compute-0-57.local
compute-0-103.local
compute-0-105.local
compute-0-106.local
compute-0-3.local
compute-0-4.local
compute-0-6.local
Catted nodefile
#############################################################################################
CONNECTING TO NEW NODE
RANK : 0
NODE BEING SPAWNED : compute-0-49.local
#############################################################################################
#############################################################################################
CONNECTING TO NEW NODE
RANK : 1
NODE BEING SPAWNED : compute-0-22.local
#############################################################################################
#############################################################################################
CONNECTING TO NEW NODE
RANK : 2
NODE BEING SPAWNED : compute-0-52.local
#############################################################################################
#############################################################################################
CONNECTING TO NEW NODE
RANK : 3
NODE BEING SPAWNED : compute-0-99.local
#############################################################################################
#############################################################################################
CONNECTING TO NEW NODE
RANK : 4
NODE BEING SPAWNED : compute-0-100.local
#############################################################################################
#############################################################################################
CONNECTING TO NEW NODE
RANK : 5
NODE BEING SPAWNED : compute-0-102.local
#############################################################################################
#############################################################################################
CONNECTING TO NEW NODE
RANK : 6
NODE BEING SPAWNED : compute-0-25.local
#############################################################################################
#############################################################################################
CONNECTING TO NEW NODE
RANK : 7
NODE BEING SPAWNED : compute-0-28.local
#############################################################################################
#############################################################################################
CONNECTING TO NEW NODE
RANK : 8
NODE BEING SPAWNED : compute-0-55.local
#############################################################################################
#############################################################################################
CONNECTING TO NEW NODE
RANK : 9
NODE BEING SPAWNED : compute-0-57.local
#############################################################################################
#############################################################################################
CONNECTING TO NEW NODE
RANK : 10
NODE BEING SPAWNED : compute-0-103.local
#############################################################################################
#############################################################################################
CONNECTING TO NEW NODE
RANK : 11
NODE BEING SPAWNED : compute-0-105.local
#############################################################################################
#############################################################################################
CONNECTING TO NEW NODE
RANK : 12
NODE BEING SPAWNED : compute-0-106.local
#############################################################################################
#############################################################################################
CONNECTING TO NEW NODE
RANK : 13
NODE BEING SPAWNED : compute-0-3.local
#############################################################################################
#############################################################################################
CONNECTING TO NEW NODE
RANK : 14
NODE BEING SPAWNED : compute-0-4.local
#############################################################################################
#############################################################################################
CONNECTING TO NEW NODE
RANK : 15
NODE BEING SPAWNED : compute-0-6.local
#############################################################################################
32.000000	7.832645e+02	1.517015e+02	9.140717e+02	8.626459e+01	1.122040e+03	7.902102e+01	1.083116e+03	7.137538e+01	6.406483e+02	1.008473e+02	1.158511e+03	1.131351e+02	1.905563e+03	7.325821e+01	7.782923e+02	9.169165e+01	
64.000000	1.676889e+03	9.796081e+01	1.967000e+03	1.718501e+02	1.962667e+03	5.276362e+01	1.880444e+03	3.621881e+01	1.949667e+03	6.114464e+01	1.958222e+03	5.552132e+01	1.994889e+03	7.160143e+01	1.831000e+03	4.358134e+01	
128.000000	1.937000e+03	1.292560e+02	1.718444e+03	1.293137e+02	1.994889e+03	1.715579e+01	1.848444e+03	2.879858e+01	1.921000e+03	8.395501e+01	2.022667e+03	5.876129e+01	1.977111e+03	7.717145e+01	1.833111e+03	4.415741e+01	
256.000000	1.947556e+03	4.914066e+02	1.735222e+03	1.139003e+02	1.945778e+03	5.415775e+01	1.850222e+03	3.708182e+01	1.952111e+03	1.044993e+02	1.974778e+03	7.095817e+01	1.914333e+03	4.806708e+01	1.895222e+03	9.904295e+01	
512.000000	1.668444e+03	1.347674e+02	1.905222e+03	1.304793e+02	1.939333e+03	7.257793e+01	1.862222e+03	3.008424e+01	1.942889e+03	6.372239e+01	1.894889e+03	1.439741e+02	1.943000e+03	4.920705e+01	1.877333e+03	7.132866e+01	
1024.000000	1.636889e+03	6.292578e+01	1.999111e+03	2.847004e+01	1.982667e+03	8.263440e+01	1.870778e+03	3.638919e+01	1.992222e+03	3.455359e+01	1.730778e+03	3.967025e+01	1.945333e+03	6.641620e+01	1.836556e+03	3.315992e+01	
2048.000000	1.684889e+03	7.568274e+01	2.014000e+03	6.302381e+01	2.003667e+03	7.798860e+01	1.938556e+03	7.844051e+01	2.047000e+03	2.339891e+02	1.864000e+03	1.021143e+02	1.885222e+03	1.573522e+02	1.885667e+03	6.631407e+01	
4096.000000	2.058556e+03	7.504237e+01	2.003333e+03	7.657676e+01	1.994222e+03	2.934764e+01	2.009111e+03	3.469052e+01	1.990333e+03	7.008249e+01	2.006444e+03	7.512081e+01	1.733667e+03	1.016180e+02	1.934667e+03	6.002037e+01	
8192.000000	2.167778e+03	1.693634e+02	2.217556e+03	9.275189e+01	2.225556e+03	9.049384e+01	2.191667e+03	8.031743e+01	2.166889e+03	1.039492e+02	2.193333e+03	9.774343e+01	2.280778e+03	8.043738e+01	2.123667e+03	5.525899e+01	
16384.000000	2.640333e+03	1.436841e+02	2.671667e+03	1.331248e+02	2.655667e+03	7.677094e+01	2.610667e+03	6.632077e+01	2.608556e+03	6.813893e+01	2.651111e+03	1.052568e+02	2.743556e+03	8.612538e+01	2.530444e+03	6.107939e+01	
32768.000000	3.912556e+03	1.722234e+02	3.978111e+03	2.654022e+02	3.885889e+03	1.927154e+02	3.752778e+03	2.296504e+02	3.800333e+03	1.538925e+02	3.949556e+03	2.667150e+02	3.941556e+03	2.821982e+02	3.684000e+03	1.153170e+02	
65536.000000	5.104111e+03	2.887673e+02	5.037333e+03	3.996515e+02	4.901889e+03	4.895346e+02	4.681778e+03	3.081867e+02	4.940667e+03	3.388854e+02	5.097111e+03	2.482210e+02	5.478667e+03	7.276874e+02	4.728000e+03	3.198017e+02	
131072.000000	7.540667e+03	5.157881e+02	7.420444e+03	5.670430e+02	6.719667e+03	4.469273e+02	6.720556e+03	4.663988e+02	6.971778e+03	2.752323e+02	7.232778e+03	3.050842e+02	7.278444e+03	5.338129e+02	6.377222e+03	4.472471e+02	
262144.000000	1.050544e+04	7.175220e+02	1.035678e+04	5.891939e+02	1.013211e+04	3.292842e+02	1.013044e+04	7.296768e+02	9.865111e+03	5.933602e+02	1.018244e+04	5.076828e+02	1.044178e+04	5.766343e+02	1.001644e+04	8.449176e+02	
524288.000000	1.568456e+04	6.625877e+02	1.555611e+04	1.235200e+03	1.534522e+04	7.913621e+02	1.501122e+04	8.631078e+02	1.509167e+04	6.712016e+02	1.571167e+04	1.263138e+03	1.559711e+04	9.508578e+02	1.451567e+04	7.373119e+02	
1048576.000000	2.491489e+04	1.177001e+03	2.451633e+04	6.045667e+02	2.430078e+04	8.352334e+02	2.410856e+04	1.093434e+03	2.468467e+04	9.313884e+02	2.409067e+04	6.156471e+02	2.460244e+04	1.155768e+03	2.355256e+04	1.150293e+03	
2097152.000000	4.261467e+04	7.832645e+02	4.260289e+04	9.140717e+02	4.216244e+04	1.122040e+03	4.194378e+04	1.083116e+03	4.230089e+04	6.406483e+02	4.204256e+04	1.158511e+03	4.170411e+04	1.905563e+03	4.105189e+04	7.782923e+02	
[1] 24849
[1]  + Done                          /etc/init.d/iptables restart > /dev/null
